<?xml version="1.0" encoding="UTF-8"?>
<!-- Generated by org.testng.reporters.JUnitXMLReporter -->
<testsuite ignored="1" hostname="ATMECSINLT-474" failures="1" tests="2" name="Test" time="73.47" errors="0" timestamp="2023-06-22T18:36:47 IST">
  <testcase classname="com.atmecs.SensorTesting.testscripts.FirstSensorTest" name="firstsensor" time="60.937"/>
  <testcase classname="com.atmecs.SensorTesting.testscripts.SecondSensorTest" name="secondsensor" time="0.001">
    <failure type="java.lang.NullPointerException" message="Cannot invoke &amp;quot;org.openqa.selenium.WebDriver.findElement(org.openqa.selenium.By)&amp;quot; because &amp;quot;this.driver&amp;quot; is null">
      <![CDATA[java.lang.NullPointerException: Cannot invoke "org.openqa.selenium.WebDriver.findElement(org.openqa.selenium.By)" because "this.driver" is null
at com.atmecs.SensorTesting.testscripts.SecondSensorTest.secondsensor(SecondSensorTest.java:13)
at java.base/java.util.ArrayList.forEach(ArrayList.java:1511)
at java.base/java.util.concurrent.FutureTask.run(FutureTask.java:264)
at java.base/java.util.concurrent.ThreadPoolExecutor.runWorker(ThreadPoolExecutor.java:1136)
at java.base/java.util.concurrent.ThreadPoolExecutor$Worker.run(ThreadPoolExecutor.java:635)
at java.base/java.lang.Thread.run(Thread.java:833)
... Removed 18 stack frames]]>
    </failure>
  </testcase> <!-- secondsensor -->
  <testcase classname="com.atmecs.SensorTesting.testsuite.TestBase" name="@BeforeTest baseclass" time="0.0">
    <ignored/>
  </testcase> <!-- @BeforeTest baseclass -->
</testsuite> <!-- Test -->
