<?xml version="1.0" encoding="UTF-8"?>
<testng-results ignored="0" total="2" passed="1" failed="1" skipped="0">
  <reporter-output>
  </reporter-output>
  <suite started-at="2023-06-23T15:03:24 IST" name="Parallel Test Suite" finished-at="2023-06-23T15:04:50 IST" duration-ms="86050">
    <groups>
    </groups>
    <test started-at="2023-06-23T15:03:24 IST" name="Test 2" finished-at="2023-06-23T15:03:46 IST" duration-ms="21955">
      <class name="com.atmecs.SensorTesting.testscripts.SecondSensorTest">
        <test-method is-config="true" signature="baseclass()[pri:0, instance:com.atmecs.SensorTesting.testscripts.SecondSensorTest@1283bb96]" started-at="2023-06-23T15:03:24 IST" name="baseclass" finished-at="2023-06-23T15:03:45 IST" duration-ms="21651" status="PASS">
          <reporter-output>
          </reporter-output>
        </test-method> <!-- baseclass -->
        <test-method signature="secondsensors()[pri:0, instance:com.atmecs.SensorTesting.testscripts.SecondSensorTest@1283bb96]" started-at="2023-06-23T15:03:45 IST" name="secondsensors" finished-at="2023-06-23T15:03:46 IST" duration-ms="200" status="FAIL">
          <exception class="org.openqa.selenium.InvalidSelectorException">
            <message>
              <![CDATA[invalid selector: Unable to locate an element with the xpath expression (//div[@class='NBZP0e xbmkib'])[2]/div[2 because of the following error:
SyntaxError: Failed to execute 'evaluate' on 'Document': The string '(//div[@class='NBZP0e xbmkib'])[2]/div[2' is not a valid XPath expression.
  (Session info: chrome=114.0.5735.134)
For documentation on this error, please visit: https://www.selenium.dev/documentation/webdriver/troubleshooting/errors#invalid-selector-exception
Build info: version: '4.10.0', revision: 'c14d967899'
System info: os.name: 'Windows 10', os.arch: 'amd64', os.version: '10.0', java.version: '17'
Driver info: org.openqa.selenium.chrome.ChromeDriver
Command: [dff6ca1006640c268d43870f057c4771, findElement {using=xpath, value=(//div[@class='NBZP0e xbmkib'])[2]/div[2}]
Capabilities {acceptInsecureCerts: false, browserName: chrome, browserVersion: 114.0.5735.134, chrome: {chromedriverVersion: 114.0.5735.90 (386bc09e8f4f..., userDataDir: C:\Users\SRINIS~1.THI\AppDa...}, goog:chromeOptions: {debuggerAddress: localhost:63015}, networkConnectionEnabled: false, pageLoadStrategy: normal, platformName: windows, proxy: Proxy(), se:cdp: ws://localhost:63015/devtoo..., se:cdpVersion: 114.0.5735.134, setWindowRect: true, strictFileInteractability: false, timeouts: {implicit: 0, pageLoad: 300000, script: 30000}, unhandledPromptBehavior: dismiss and notify, webauthn:extension:credBlob: true, webauthn:extension:largeBlob: true, webauthn:extension:minPinLength: true, webauthn:extension:prf: true, webauthn:virtualAuthenticators: true}
Session ID: dff6ca1006640c268d43870f057c4771]]>
            </message>
            <full-stacktrace>
              <![CDATA[org.openqa.selenium.InvalidSelectorException: invalid selector: Unable to locate an element with the xpath expression (//div[@class='NBZP0e xbmkib'])[2]/div[2 because of the following error:
SyntaxError: Failed to execute 'evaluate' on 'Document': The string '(//div[@class='NBZP0e xbmkib'])[2]/div[2' is not a valid XPath expression.
  (Session info: chrome=114.0.5735.134)
For documentation on this error, please visit: https://www.selenium.dev/documentation/webdriver/troubleshooting/errors#invalid-selector-exception
Build info: version: '4.10.0', revision: 'c14d967899'
System info: os.name: 'Windows 10', os.arch: 'amd64', os.version: '10.0', java.version: '17'
Driver info: org.openqa.selenium.chrome.ChromeDriver
Command: [dff6ca1006640c268d43870f057c4771, findElement {using=xpath, value=(//div[@class='NBZP0e xbmkib'])[2]/div[2}]
Capabilities {acceptInsecureCerts: false, browserName: chrome, browserVersion: 114.0.5735.134, chrome: {chromedriverVersion: 114.0.5735.90 (386bc09e8f4f..., userDataDir: C:\Users\SRINIS~1.THI\AppDa...}, goog:chromeOptions: {debuggerAddress: localhost:63015}, networkConnectionEnabled: false, pageLoadStrategy: normal, platformName: windows, proxy: Proxy(), se:cdp: ws://localhost:63015/devtoo..., se:cdpVersion: 114.0.5735.134, setWindowRect: true, strictFileInteractability: false, timeouts: {implicit: 0, pageLoad: 300000, script: 30000}, unhandledPromptBehavior: dismiss and notify, webauthn:extension:credBlob: true, webauthn:extension:largeBlob: true, webauthn:extension:minPinLength: true, webauthn:extension:prf: true, webauthn:virtualAuthenticators: true}
Session ID: dff6ca1006640c268d43870f057c4771
at java.base/jdk.internal.reflect.NativeConstructorAccessorImpl.newInstance0(Native Method)
at java.base/jdk.internal.reflect.NativeConstructorAccessorImpl.newInstance(NativeConstructorAccessorImpl.java:77)
at java.base/jdk.internal.reflect.DelegatingConstructorAccessorImpl.newInstance(DelegatingConstructorAccessorImpl.java:45)
at java.base/java.lang.reflect.Constructor.newInstanceWithCaller(Constructor.java:499)
at java.base/java.lang.reflect.Constructor.newInstance(Constructor.java:480)
at org.openqa.selenium.remote.codec.w3c.W3CHttpResponseCodec.createException(W3CHttpResponseCodec.java:199)
at org.openqa.selenium.remote.codec.w3c.W3CHttpResponseCodec.decode(W3CHttpResponseCodec.java:132)
at org.openqa.selenium.remote.codec.w3c.W3CHttpResponseCodec.decode(W3CHttpResponseCodec.java:51)
at org.openqa.selenium.remote.HttpCommandExecutor.execute(HttpCommandExecutor.java:191)
at org.openqa.selenium.remote.service.DriverCommandExecutor.invokeExecute(DriverCommandExecutor.java:196)
at org.openqa.selenium.remote.service.DriverCommandExecutor.execute(DriverCommandExecutor.java:171)
at org.openqa.selenium.remote.RemoteWebDriver.execute(RemoteWebDriver.java:531)
at org.openqa.selenium.remote.ElementLocation$ElementFinder$2.findElement(ElementLocation.java:165)
at org.openqa.selenium.remote.ElementLocation.findElement(ElementLocation.java:59)
at org.openqa.selenium.remote.RemoteWebDriver.findElement(RemoteWebDriver.java:350)
at org.openqa.selenium.remote.RemoteWebDriver.findElement(RemoteWebDriver.java:344)
at com.atmecs.SensorTesting.testscripts.SecondSensorTest.secondsensors(SecondSensorTest.java:14)
at java.base/jdk.internal.reflect.NativeMethodAccessorImpl.invoke0(Native Method)
at java.base/jdk.internal.reflect.NativeMethodAccessorImpl.invoke(NativeMethodAccessorImpl.java:77)
at java.base/jdk.internal.reflect.DelegatingMethodAccessorImpl.invoke(DelegatingMethodAccessorImpl.java:43)
at java.base/java.lang.reflect.Method.invoke(Method.java:568)
at org.testng.internal.MethodInvocationHelper.invokeMethod(MethodInvocationHelper.java:133)
at org.testng.internal.TestInvoker.invokeMethod(TestInvoker.java:598)
at org.testng.internal.TestInvoker.invokeTestMethod(TestInvoker.java:173)
at org.testng.internal.MethodRunner.runInSequence(MethodRunner.java:46)
at org.testng.internal.TestInvoker$MethodInvocationAgent.invoke(TestInvoker.java:824)
at org.testng.internal.TestInvoker.invokeTestMethods(TestInvoker.java:146)
at org.testng.internal.TestMethodWorker.invokeTestMethods(TestMethodWorker.java:146)
at org.testng.internal.TestMethodWorker.run(TestMethodWorker.java:128)
at java.base/java.util.ArrayList.forEach(ArrayList.java:1511)
at org.testng.TestRunner.privateRun(TestRunner.java:794)
at org.testng.TestRunner.run(TestRunner.java:596)
at org.testng.SuiteRunner.runTest(SuiteRunner.java:377)
at org.testng.SuiteRunner.access$000(SuiteRunner.java:28)
at org.testng.SuiteRunner$SuiteWorker.run(SuiteRunner.java:418)
at org.testng.internal.thread.ThreadUtil.lambda$execute$0(ThreadUtil.java:64)
at java.base/java.util.concurrent.FutureTask.run(FutureTask.java:264)
at java.base/java.util.concurrent.ThreadPoolExecutor.runWorker(ThreadPoolExecutor.java:1136)
at java.base/java.util.concurrent.ThreadPoolExecutor$Worker.run(ThreadPoolExecutor.java:635)
at java.base/java.lang.Thread.run(Thread.java:833)
]]>
            </full-stacktrace>
          </exception> <!-- org.openqa.selenium.InvalidSelectorException -->
          <reporter-output>
          </reporter-output>
        </test-method> <!-- secondsensors -->
      </class> <!-- com.atmecs.SensorTesting.testscripts.SecondSensorTest -->
    </test> <!-- Test 2 -->
    <test started-at="2023-06-23T15:03:24 IST" name="Test 1" finished-at="2023-06-23T15:04:50 IST" duration-ms="86050">
      <class name="com.atmecs.SensorTesting.testscripts.FirstSensorTest">
        <test-method is-config="true" signature="baseclass()[pri:0, instance:com.atmecs.SensorTesting.testscripts.FirstSensorTest@9f116cc]" started-at="2023-06-23T15:03:24 IST" name="baseclass" finished-at="2023-06-23T15:03:47 IST" duration-ms="23623" status="PASS">
          <reporter-output>
          </reporter-output>
        </test-method> <!-- baseclass -->
        <test-method signature="firstsensor()[pri:0, instance:com.atmecs.SensorTesting.testscripts.FirstSensorTest@9f116cc]" started-at="2023-06-23T15:03:47 IST" name="firstsensor" finished-at="2023-06-23T15:04:50 IST" duration-ms="62416" status="PASS">
          <reporter-output>
          </reporter-output>
        </test-method> <!-- firstsensor -->
      </class> <!-- com.atmecs.SensorTesting.testscripts.FirstSensorTest -->
    </test> <!-- Test 1 -->
  </suite> <!-- Parallel Test Suite -->
</testng-results>
